Analysis & Elaboration report for FAC_P1
Mon Oct 21 13:47:49 2024
Quartus Prime Version 20.1.1 Build 720 11/11/2020 SJ Lite Edition


---------------------
; Table of Contents ;
---------------------
  1. Legal Notice
  2. Analysis & Elaboration Summary
  3. Parallel Compilation
  4. Analysis & Elaboration Settings
  5. Port Connectivity Checks: "bin_to_7seg:result_to_7seg"
  6. Port Connectivity Checks: "alu:alu_inst|substractor_2bit:sub|full_adder_2bit:sub"
  7. Port Connectivity Checks: "alu:alu_inst|substractor_2bit:sub|full_adder_2bit:add"
  8. Port Connectivity Checks: "alu:alu_inst|substractor_2bit:sub"
  9. Port Connectivity Checks: "alu:alu_inst|full_adder_2bit:add"
 10. Port Connectivity Checks: "alu:alu_inst"
 11. Analysis & Elaboration Messages



----------------
; Legal Notice ;
----------------
Copyright (C) 2020  Intel Corporation. All rights reserved.
Your use of Intel Corporation's design tools, logic functions 
and other software and tools, and any partner logic 
functions, and any output files from any of the foregoing 
(including device programming or simulation files), and any 
associated documentation or information are expressly subject 
to the terms and conditions of the Intel Program License 
Subscription Agreement, the Intel Quartus Prime License Agreement,
the Intel FPGA IP License Agreement, or other applicable license
agreement, including, without limitation, that your use is for
the sole purpose of programming logic devices manufactured by
Intel and sold by Intel or its authorized distributors.  Please
refer to the applicable agreement for further details, at
https://fpgasoftware.intel.com/eula.



+-----------------------------------------------------------------------------+
; Analysis & Elaboration Summary                                              ;
+-------------------------------+---------------------------------------------+
; Analysis & Elaboration Status ; Successful - Mon Oct 21 13:47:49 2024       ;
; Quartus Prime Version         ; 20.1.1 Build 720 11/11/2020 SJ Lite Edition ;
; Revision Name                 ; FAC_P1                                      ;
; Top-level Entity Name         ; top_module                                  ;
; Family                        ; Cyclone V                                   ;
; Logic utilization (in ALMs)   ; N/A until Partition Merge                   ;
; Total registers               ; N/A until Partition Merge                   ;
; Total pins                    ; N/A until Partition Merge                   ;
; Total virtual pins            ; N/A until Partition Merge                   ;
; Total block memory bits       ; N/A until Partition Merge                   ;
; Total PLLs                    ; N/A until Partition Merge                   ;
; Total DLLs                    ; N/A until Partition Merge                   ;
+-------------------------------+---------------------------------------------+


+------------------------------------------+
; Parallel Compilation                     ;
+----------------------------+-------------+
; Processors                 ; Number      ;
+----------------------------+-------------+
; Number detected on machine ; 4           ;
; Maximum allowed            ; 2           ;
;                            ;             ;
; Average used               ; 1.00        ;
; Maximum used               ; 1           ;
;                            ;             ;
; Usage by Processor         ; % Time Used ;
;     Processor 1            ; 100.0%      ;
+----------------------------+-------------+


+---------------------------------------------------------------------------------------------------------------------------+
; Analysis & Elaboration Settings                                                                                           ;
+---------------------------------------------------------------------------------+--------------------+--------------------+
; Option                                                                          ; Setting            ; Default Value      ;
+---------------------------------------------------------------------------------+--------------------+--------------------+
; Device                                                                          ; 5CSXFC6D6F31C6     ;                    ;
; Top-level entity name                                                           ; top_module         ; FAC_P1             ;
; Family name                                                                     ; Cyclone V          ; Cyclone V          ;
; Use smart compilation                                                           ; Off                ; Off                ;
; Enable parallel Assembler and Timing Analyzer during compilation                ; On                 ; On                 ;
; Enable compact report table                                                     ; Off                ; Off                ;
; Restructure Multiplexers                                                        ; Auto               ; Auto               ;
; MLAB Add Timing Constraints For Mixed-Port Feed-Through Mode Setting Don't Care ; Off                ; Off                ;
; Create Debugging Nodes for IP Cores                                             ; Off                ; Off                ;
; Preserve fewer node names                                                       ; On                 ; On                 ;
; Intel FPGA IP Evaluation Mode                                                   ; Enable             ; Enable             ;
; Verilog Version                                                                 ; Verilog_2001       ; Verilog_2001       ;
; VHDL Version                                                                    ; VHDL_1993          ; VHDL_1993          ;
; State Machine Processing                                                        ; Auto               ; Auto               ;
; Safe State Machine                                                              ; Off                ; Off                ;
; Extract Verilog State Machines                                                  ; On                 ; On                 ;
; Extract VHDL State Machines                                                     ; On                 ; On                 ;
; Ignore Verilog initial constructs                                               ; Off                ; Off                ;
; Iteration limit for constant Verilog loops                                      ; 5000               ; 5000               ;
; Iteration limit for non-constant Verilog loops                                  ; 250                ; 250                ;
; Add Pass-Through Logic to Inferred RAMs                                         ; On                 ; On                 ;
; Infer RAMs from Raw Logic                                                       ; On                 ; On                 ;
; Parallel Synthesis                                                              ; On                 ; On                 ;
; DSP Block Balancing                                                             ; Auto               ; Auto               ;
; NOT Gate Push-Back                                                              ; On                 ; On                 ;
; Power-Up Don't Care                                                             ; On                 ; On                 ;
; Remove Redundant Logic Cells                                                    ; Off                ; Off                ;
; Remove Duplicate Registers                                                      ; On                 ; On                 ;
; Ignore CARRY Buffers                                                            ; Off                ; Off                ;
; Ignore CASCADE Buffers                                                          ; Off                ; Off                ;
; Ignore GLOBAL Buffers                                                           ; Off                ; Off                ;
; Ignore ROW GLOBAL Buffers                                                       ; Off                ; Off                ;
; Ignore LCELL Buffers                                                            ; Off                ; Off                ;
; Ignore SOFT Buffers                                                             ; On                 ; On                 ;
; Limit AHDL Integers to 32 Bits                                                  ; Off                ; Off                ;
; Optimization Technique                                                          ; Balanced           ; Balanced           ;
; Carry Chain Length                                                              ; 70                 ; 70                 ;
; Auto Carry Chains                                                               ; On                 ; On                 ;
; Auto Open-Drain Pins                                                            ; On                 ; On                 ;
; Perform WYSIWYG Primitive Resynthesis                                           ; Off                ; Off                ;
; Auto ROM Replacement                                                            ; On                 ; On                 ;
; Auto RAM Replacement                                                            ; On                 ; On                 ;
; Auto DSP Block Replacement                                                      ; On                 ; On                 ;
; Auto Shift Register Replacement                                                 ; Auto               ; Auto               ;
; Allow Shift Register Merging across Hierarchies                                 ; Auto               ; Auto               ;
; Auto Clock Enable Replacement                                                   ; On                 ; On                 ;
; Strict RAM Replacement                                                          ; Off                ; Off                ;
; Allow Synchronous Control Signals                                               ; On                 ; On                 ;
; Force Use of Synchronous Clear Signals                                          ; Off                ; Off                ;
; Auto Resource Sharing                                                           ; Off                ; Off                ;
; Allow Any RAM Size For Recognition                                              ; Off                ; Off                ;
; Allow Any ROM Size For Recognition                                              ; Off                ; Off                ;
; Allow Any Shift Register Size For Recognition                                   ; Off                ; Off                ;
; Use LogicLock Constraints during Resource Balancing                             ; On                 ; On                 ;
; Ignore translate_off and synthesis_off directives                               ; Off                ; Off                ;
; Timing-Driven Synthesis                                                         ; On                 ; On                 ;
; Report Parameter Settings                                                       ; On                 ; On                 ;
; Report Source Assignments                                                       ; On                 ; On                 ;
; Report Connectivity Checks                                                      ; On                 ; On                 ;
; Ignore Maximum Fan-Out Assignments                                              ; Off                ; Off                ;
; Synchronization Register Chain Length                                           ; 3                  ; 3                  ;
; Power Optimization During Synthesis                                             ; Normal compilation ; Normal compilation ;
; HDL message level                                                               ; Level2             ; Level2             ;
; Suppress Register Optimization Related Messages                                 ; Off                ; Off                ;
; Number of Removed Registers Reported in Synthesis Report                        ; 5000               ; 5000               ;
; Number of Swept Nodes Reported in Synthesis Report                              ; 5000               ; 5000               ;
; Number of Inverted Registers Reported in Synthesis Report                       ; 100                ; 100                ;
; Clock MUX Protection                                                            ; On                 ; On                 ;
; Auto Gated Clock Conversion                                                     ; Off                ; Off                ;
; Block Design Naming                                                             ; Auto               ; Auto               ;
; SDC constraint protection                                                       ; Off                ; Off                ;
; Synthesis Effort                                                                ; Auto               ; Auto               ;
; Shift Register Replacement - Allow Asynchronous Clear Signal                    ; On                 ; On                 ;
; Pre-Mapping Resynthesis Optimization                                            ; Off                ; Off                ;
; Analysis & Synthesis Message Level                                              ; Medium             ; Medium             ;
; Disable Register Merging Across Hierarchies                                     ; Auto               ; Auto               ;
; Resource Aware Inference For Block RAM                                          ; On                 ; On                 ;
; Automatic Parallel Synthesis                                                    ; On                 ; On                 ;
; Partial Reconfiguration Bitstream ID                                            ; Off                ; Off                ;
+---------------------------------------------------------------------------------+--------------------+--------------------+


+-----------------------------------------------------------------------------------------------------------------------------------------------------------------------+
; Port Connectivity Checks: "bin_to_7seg:result_to_7seg"                                                                                                                ;
+------+-------+----------+---------------------------------------------------------------------------------------------------------------------------------------------+
; Port ; Type  ; Severity ; Details                                                                                                                                     ;
+------+-------+----------+---------------------------------------------------------------------------------------------------------------------------------------------+
; bin  ; Input ; Warning  ; Input port expression (2 bits) is smaller than the input port (4 bits) it drives.  Extra input bit(s) "bin[3..2]" will be connected to GND. ;
+------+-------+----------+---------------------------------------------------------------------------------------------------------------------------------------------+


+-----------------------------------------------------------------------------------------------------------------------------------------------------------------------------------------------------------------+
; Port Connectivity Checks: "alu:alu_inst|substractor_2bit:sub|full_adder_2bit:sub"                                                                                                                               ;
+---------+-------+----------+------------------------------------------------------------------------------------------------------------------------------------------------------------------------------------+
; Port    ; Type  ; Severity ; Details                                                                                                                                                                            ;
+---------+-------+----------+------------------------------------------------------------------------------------------------------------------------------------------------------------------------------------+
; cin     ; Input ; Warning  ; Input port expression (32 bits) is wider than the input port (1 bits) it drives.  The 31 most-significant bit(s) in the expression will be dangling if they have no other fanouts. ;
; cin[-1] ; Input ; Info     ; Stuck at GND                                                                                                                                                                       ;
+---------+-------+----------+------------------------------------------------------------------------------------------------------------------------------------------------------------------------------------+


+------------------------------------------------------------------------------------------------------------------------------------------------------------------------------------------------------------------+
; Port Connectivity Checks: "alu:alu_inst|substractor_2bit:sub|full_adder_2bit:add"                                                                                                                                ;
+---------+--------+----------+------------------------------------------------------------------------------------------------------------------------------------------------------------------------------------+
; Port    ; Type   ; Severity ; Details                                                                                                                                                                            ;
+---------+--------+----------+------------------------------------------------------------------------------------------------------------------------------------------------------------------------------------+
; b[1]    ; Input  ; Info     ; Stuck at GND                                                                                                                                                                       ;
; b[0]    ; Input  ; Info     ; Stuck at VCC                                                                                                                                                                       ;
; cin     ; Input  ; Warning  ; Input port expression (32 bits) is wider than the input port (1 bits) it drives.  The 31 most-significant bit(s) in the expression will be dangling if they have no other fanouts. ;
; cin[-1] ; Input  ; Info     ; Stuck at GND                                                                                                                                                                       ;
; cout    ; Output ; Warning  ; Declared by entity but not connected by instance. Logic that only feeds a dangling port will be removed.                                                                           ;
+---------+--------+----------+------------------------------------------------------------------------------------------------------------------------------------------------------------------------------------+


+-------------------------------------------------------------------------------------------------------------------------------------+
; Port Connectivity Checks: "alu:alu_inst|substractor_2bit:sub"                                                                       ;
+------+--------+----------+----------------------------------------------------------------------------------------------------------+
; Port ; Type   ; Severity ; Details                                                                                                  ;
+------+--------+----------+----------------------------------------------------------------------------------------------------------+
; sign ; Output ; Warning  ; Declared by entity but not connected by instance. Logic that only feeds a dangling port will be removed. ;
+------+--------+----------+----------------------------------------------------------------------------------------------------------+


+-----------------------------------------------------------------------------------------------------------------------------------------------------------------------------------------------------------------+
; Port Connectivity Checks: "alu:alu_inst|full_adder_2bit:add"                                                                                                                                                    ;
+---------+-------+----------+------------------------------------------------------------------------------------------------------------------------------------------------------------------------------------+
; Port    ; Type  ; Severity ; Details                                                                                                                                                                            ;
+---------+-------+----------+------------------------------------------------------------------------------------------------------------------------------------------------------------------------------------+
; cin     ; Input ; Warning  ; Input port expression (32 bits) is wider than the input port (1 bits) it drives.  The 31 most-significant bit(s) in the expression will be dangling if they have no other fanouts. ;
; cin[-1] ; Input ; Info     ; Stuck at GND                                                                                                                                                                       ;
+---------+-------+----------+------------------------------------------------------------------------------------------------------------------------------------------------------------------------------------+


+-------------------------------------------------------------------------------------------------------------------------------------+
; Port Connectivity Checks: "alu:alu_inst"                                                                                            ;
+------+--------+----------+----------------------------------------------------------------------------------------------------------+
; Port ; Type   ; Severity ; Details                                                                                                  ;
+------+--------+----------+----------------------------------------------------------------------------------------------------------+
; Z    ; Output ; Warning  ; Declared by entity but not connected by instance. Logic that only feeds a dangling port will be removed. ;
; C    ; Output ; Warning  ; Declared by entity but not connected by instance. Logic that only feeds a dangling port will be removed. ;
; V    ; Output ; Warning  ; Declared by entity but not connected by instance. Logic that only feeds a dangling port will be removed. ;
; S    ; Output ; Warning  ; Declared by entity but not connected by instance. Logic that only feeds a dangling port will be removed. ;
+------+--------+----------+----------------------------------------------------------------------------------------------------------+


+---------------------------------+
; Analysis & Elaboration Messages ;
+---------------------------------+
Info: *******************************************************************
Info: Running Quartus Prime Analysis & Elaboration
    Info: Version 20.1.1 Build 720 11/11/2020 SJ Lite Edition
    Info: Processing started: Mon Oct 21 13:47:39 2024
Info: Command: quartus_map --read_settings_files=on --write_settings_files=off FAC_P1 -c FAC_P1 --analysis_and_elaboration
Warning (18236): Number of processors has not been specified which may cause overloading on shared machines.  Set the global assignment NUM_PARALLEL_PROCESSORS in your QSF to an appropriate value for best performance.
Info (20030): Parallel compilation is enabled and will use 2 of the 2 processors detected
Warning (10275): Verilog HDL Module Instantiation warning at alu.sv(26): ignored dangling comma in List of Port Connections File: C:/Users/tenor/OneDrive/Documentos/Github/Proyecto2FAC/FAC_P1/alu.sv Line: 26
Info (12021): Found 1 design units, including 1 entities, in source file alu.sv
    Info (12023): Found entity 1: alu File: C:/Users/tenor/OneDrive/Documentos/Github/Proyecto2FAC/FAC_P1/alu.sv Line: 4
Info (12021): Found 1 design units, including 1 entities, in source file full_adder_2bit.sv
    Info (12023): Found entity 1: full_adder_2bit File: C:/Users/tenor/OneDrive/Documentos/Github/Proyecto2FAC/FAC_P1/full_adder_2bit.sv Line: 5
Info (12021): Found 1 design units, including 1 entities, in source file unit_adder.sv
    Info (12023): Found entity 1: unit_adder File: C:/Users/tenor/OneDrive/Documentos/Github/Proyecto2FAC/FAC_P1/unit_adder.sv Line: 4
Info (12021): Found 1 design units, including 1 entities, in source file substractor_2bit.sv
    Info (12023): Found entity 1: substractor_2bit File: C:/Users/tenor/OneDrive/Documentos/Github/Proyecto2FAC/FAC_P1/substractor_2bit.sv Line: 4
Info (12021): Found 1 design units, including 1 entities, in source file andoperation_2bit.sv
    Info (12023): Found entity 1: ANDoperation_2bit File: C:/Users/tenor/OneDrive/Documentos/Github/Proyecto2FAC/FAC_P1/ANDoperation_2bit.sv Line: 4
Info (12021): Found 1 design units, including 1 entities, in source file oroperation_2bit.sv
    Info (12023): Found entity 1: ORoperation_2bit File: C:/Users/tenor/OneDrive/Documentos/Github/Proyecto2FAC/FAC_P1/ORoperation_2bit.sv Line: 4
Info (12021): Found 1 design units, including 1 entities, in source file pwm.sv
    Info (12023): Found entity 1: pwm File: C:/Users/tenor/OneDrive/Documentos/Github/Proyecto2FAC/FAC_P1/pwm.sv Line: 16
Info (12021): Found 1 design units, including 1 entities, in source file top_module.sv
    Info (12023): Found entity 1: top_module File: C:/Users/tenor/OneDrive/Documentos/Github/Proyecto2FAC/FAC_P1/top_module.sv Line: 4
Info (12021): Found 1 design units, including 1 entities, in source file tb_top_module.sv
    Info (12023): Found entity 1: tb_top_module File: C:/Users/tenor/OneDrive/Documentos/Github/Proyecto2FAC/FAC_P1/tb_top_module.sv Line: 8
Info (12021): Found 1 design units, including 1 entities, in source file bin_to_7seg.sv
    Info (12023): Found entity 1: bin_to_7seg File: C:/Users/tenor/OneDrive/Documentos/Github/Proyecto2FAC/FAC_P1/bin_to_7seg.sv Line: 6
Info (12021): Found 1 design units, including 1 entities, in source file firtsdecoder_4to2bits.sv
    Info (12023): Found entity 1: FirtsDecoder_4to2bits File: C:/Users/tenor/OneDrive/Documentos/Github/Proyecto2FAC/FAC_P1/FirtsDecoder_4to2bits.sv Line: 5
Info (12021): Found 1 design units, including 1 entities, in source file reg_2bit.sv
    Info (12023): Found entity 1: reg_2bit File: C:/Users/tenor/OneDrive/Documentos/Github/Proyecto2FAC/FAC_P1/reg_2bit.sv Line: 3
Info (12127): Elaborating entity "top_module" for the top level hierarchy
Info (12128): Elaborating entity "FirtsDecoder_4to2bits" for hierarchy "FirtsDecoder_4to2bits:decoder_inst" File: C:/Users/tenor/OneDrive/Documentos/Github/Proyecto2FAC/FAC_P1/top_module.sv Line: 26
Info (12128): Elaborating entity "alu" for hierarchy "alu:alu_inst" File: C:/Users/tenor/OneDrive/Documentos/Github/Proyecto2FAC/FAC_P1/top_module.sv Line: 34
Info (12128): Elaborating entity "full_adder_2bit" for hierarchy "alu:alu_inst|full_adder_2bit:add" File: C:/Users/tenor/OneDrive/Documentos/Github/Proyecto2FAC/FAC_P1/alu.sv Line: 25
Info (12128): Elaborating entity "unit_adder" for hierarchy "alu:alu_inst|full_adder_2bit:add|unit_adder:adder0" File: C:/Users/tenor/OneDrive/Documentos/Github/Proyecto2FAC/FAC_P1/full_adder_2bit.sv Line: 15
Info (12128): Elaborating entity "substractor_2bit" for hierarchy "alu:alu_inst|substractor_2bit:sub" File: C:/Users/tenor/OneDrive/Documentos/Github/Proyecto2FAC/FAC_P1/alu.sv Line: 26
Info (12128): Elaborating entity "ANDoperation_2bit" for hierarchy "alu:alu_inst|ANDoperation_2bit:andmodule" File: C:/Users/tenor/OneDrive/Documentos/Github/Proyecto2FAC/FAC_P1/alu.sv Line: 27
Info (12128): Elaborating entity "ORoperation_2bit" for hierarchy "alu:alu_inst|ORoperation_2bit:ormodule" File: C:/Users/tenor/OneDrive/Documentos/Github/Proyecto2FAC/FAC_P1/alu.sv Line: 28
Info (12128): Elaborating entity "reg_2bit" for hierarchy "reg_2bit:reg_inst" File: C:/Users/tenor/OneDrive/Documentos/Github/Proyecto2FAC/FAC_P1/top_module.sv Line: 42
Info (12128): Elaborating entity "pwm" for hierarchy "pwm:pwm_inst" File: C:/Users/tenor/OneDrive/Documentos/Github/Proyecto2FAC/FAC_P1/top_module.sv Line: 50
Warning (10230): Verilog HDL assignment warning at pwm.sv(34): truncated value with size 32 to match size of target (8) File: C:/Users/tenor/OneDrive/Documentos/Github/Proyecto2FAC/FAC_P1/pwm.sv Line: 34
Info (12128): Elaborating entity "bin_to_7seg" for hierarchy "bin_to_7seg:result_to_7seg" File: C:/Users/tenor/OneDrive/Documentos/Github/Proyecto2FAC/FAC_P1/top_module.sv Line: 56
Warning (12241): 6 hierarchies have connectivity warnings - see the Connectivity Checks report folder
Info: Quartus Prime Analysis & Elaboration was successful. 0 errors, 4 warnings
    Info: Peak virtual memory: 4768 megabytes
    Info: Processing ended: Mon Oct 21 13:47:49 2024
    Info: Elapsed time: 00:00:10
    Info: Total CPU time (on all processors): 00:00:15


